{
  "RSpec": {
    "coverage": {
      "/Users/student/Projects/JS-Challenges/makersBnB/spec/features/viewing_spaces_spec.rb": {
        "lines": [
          null,
          null,
          null,
          1,
          null,
          0,
          0,
          null,
          null,
          null,
          0,
          null,
          0,
          0,
          0,
          null,
          null
        ]
      },
      "/Users/student/Projects/JS-Challenges/makersBnB/lib/space.rb": {
        "lines": [

        ]
      },
      "/Users/student/Projects/JS-Challenges/makersBnB/spec/space_spec.rb": {
        "lines": [
          1,
          null,
          1,
          null,
          0,
          0,
          null,
          null,
          0,
          0,
          0,
          null,
          null,
          null,
          null,
          null,
          null
        ]
      }
    },
    "timestamp": 1599651092
  }
}
